F:\1_WORKSPACE\OPENGL\GCO_PRACTICA1\FREEGLUT PROJECT 3D\DEBUG\BOSQUE.OBJ
F:\1_WORKSPACE\OPENGL\GCO_PRACTICA1\FREEGLUT PROJECT 3D\DEBUG\CARA.OBJ
F:\1_WORKSPACE\OPENGL\GCO_PRACTICA1\FREEGLUT PROJECT 3D\DEBUG\COCHE.OBJ
F:\1_WORKSPACE\OPENGL\GCO_PRACTICA1\FREEGLUT PROJECT 3D\DEBUG\CUBO.OBJ
F:\1_WORKSPACE\OPENGL\GCO_PRACTICA1\FREEGLUT PROJECT 3D\DEBUG\HIPOTROCOIDE.OBJ
F:\1_WORKSPACE\OPENGL\GCO_PRACTICA1\FREEGLUT PROJECT 3D\DEBUG\IMAN.OBJ
F:\1_WORKSPACE\OPENGL\GCO_PRACTICA1\FREEGLUT PROJECT 3D\DEBUG\MAIN.OBJ
F:\1_WORKSPACE\OPENGL\GCO_PRACTICA1\FREEGLUT PROJECT 3D\DEBUG\MALLA.OBJ
F:\1_WORKSPACE\OPENGL\GCO_PRACTICA1\FREEGLUT PROJECT 3D\DEBUG\PUNTOVECTOR3D.OBJ
F:\1_WORKSPACE\OPENGL\GCO_PRACTICA1\FREEGLUT PROJECT 3D\DEBUG\VERTICENORMAL.OBJ
F:\1_WORKSPACE\OPENGL\GCO_PRACTICA1\FREEGLUT PROJECT 3D\DEBUG\VC110.PDB
F:\1_WORKSPACE\OPENGL\GCO_PRACTICA1\DEBUG\FREEGLUT PROJECT 3D.ILK
F:\1_WORKSPACE\OPENGL\GCO_PRACTICA1\DEBUG\FREEGLUT PROJECT 3D.EXE
F:\1_WORKSPACE\OPENGL\GCO_PRACTICA1\DEBUG\FREEGLUT PROJECT 3D.PDB
F:\1_workspace\OpenGL\GCO_Practica1\freeglut project 3D\Debug\Bosque.obj
F:\1_workspace\OpenGL\GCO_Practica1\freeglut project 3D\Debug\Cara.obj
F:\1_workspace\OpenGL\GCO_Practica1\freeglut project 3D\Debug\Coche.obj
F:\1_workspace\OpenGL\GCO_Practica1\freeglut project 3D\Debug\Cubo.obj
F:\1_workspace\OpenGL\GCO_Practica1\freeglut project 3D\Debug\Hipotrocoide.obj
F:\1_workspace\OpenGL\GCO_Practica1\freeglut project 3D\Debug\Iman.obj
F:\1_workspace\OpenGL\GCO_Practica1\freeglut project 3D\Debug\main.obj
F:\1_workspace\OpenGL\GCO_Practica1\freeglut project 3D\Debug\Malla.obj
F:\1_workspace\OpenGL\GCO_Practica1\freeglut project 3D\Debug\PuntoVector3D.obj
F:\1_workspace\OpenGL\GCO_Practica1\freeglut project 3D\Debug\VerticeNormal.obj
F:\1_workspace\OpenGL\GCO_Practica1\freeglut project 3D\Debug\cl.command.1.tlog
F:\1_workspace\OpenGL\GCO_Practica1\freeglut project 3D\Debug\CL.read.1.tlog
F:\1_workspace\OpenGL\GCO_Practica1\freeglut project 3D\Debug\CL.write.1.tlog
F:\1_workspace\OpenGL\GCO_Practica1\freeglut project 3D\Debug\link-cvtres.read.1.tlog
F:\1_workspace\OpenGL\GCO_Practica1\freeglut project 3D\Debug\link-cvtres.write.1.tlog
F:\1_workspace\OpenGL\GCO_Practica1\freeglut project 3D\Debug\link-rc.read.1.tlog
F:\1_workspace\OpenGL\GCO_Practica1\freeglut project 3D\Debug\link-rc.write.1.tlog
F:\1_workspace\OpenGL\GCO_Practica1\freeglut project 3D\Debug\link.command.1.tlog
F:\1_workspace\OpenGL\GCO_Practica1\freeglut project 3D\Debug\link.read.1.tlog
F:\1_workspace\OpenGL\GCO_Practica1\freeglut project 3D\Debug\link.write.1.tlog
F:\1_workspace\OpenGL\GCO_Practica1\freeglut project 3D\Debug\vc110.idb
F:\1_workspace\OpenGL\GCO_Practica1\freeglut project 3D\Debug\vc110.pdb
F:\1_workspace\OpenGL\GCO_Practica1\Debug\freeglut project 3D.pdb
F:\1_workspace\OpenGL\GCO_Practica1\Debug\freeglut project 3D.exe
F:\1_workspace\OpenGL\GCO_Practica1\Debug\freeglut project 3D.ilk
